<?xml version="1.0" encoding="UTF-8"?>
<testsuite xmlns:xsi="http://www.w3.org/2001/XMLSchema-instance" xsi:noNamespaceSchemaLocation="https://maven.apache.org/surefire/maven-surefire-plugin/xsd/surefire-test-report.xsd" name="mavenspock.TestControllerSpec" time="1.645" tests="1" errors="1" skipped="0" failures="0">
  <properties>
[...]
</properties>
  <testcase name="mavenspock.TestControllerSpec" classname="mavenspock.TestControllerSpec" time="1.643">
    <error message="Failed to inject value for parameter [router] of class: io.micronaut.web.router.DefaultRouter&#10;&#10;Path Taken: new NettyHttpServer(NettyHttpServerConfiguration serverConfiguration,ApplicationContext applicationContext,[Router router],RequestArgumentSatisfier requestArgumentSatisfier,MediaTypeCodecRegistry mediaTypeCodecRegistry,NettyCustomizableResponseTypeHandlerRegistry customizableResponseTypeHandlerRegistry,StaticResourceResolver resourceResolver,ExecutorService ioExecutor,ThreadFactory threadFactory,ExecutorSelector executorSelector,NettyServerSslBuilder nettyServerSslBuilder,ChannelOutboundHandler[] outboundHandlers) --&gt; new DefaultRouter([RouteBuilder[] builders])" type="io.micronaut.context.exceptions.DependencyInjectionException">io.micronaut.context.exceptions.DependencyInjectionException: 
Failed to inject value for parameter [router] of class: io.micronaut.web.router.DefaultRouter

Path Taken: new NettyHttpServer(NettyHttpServerConfiguration serverConfiguration,ApplicationContext applicationContext,[Router router],RequestArgumentSatisfier requestArgumentSatisfier,MediaTypeCodecRegistry mediaTypeCodecRegistry,NettyCustomizableResponseTypeHandlerRegistry customizableResponseTypeHandlerRegistry,StaticResourceResolver resourceResolver,ExecutorService ioExecutor,ThreadFactory threadFactory,ExecutorSelector executorSelector,NettyServerSslBuilder nettyServerSslBuilder,ChannelOutboundHandler[] outboundHandlers) --> new DefaultRouter([RouteBuilder[] builders])
	at mavenspock.TestControllerSpec.$spock_initializeSharedFields(TestControllerSpec.groovy:14)
Caused by: io.micronaut.context.exceptions.BeanInstantiationException: 
Error instantiating bean of type  [io.micronaut.web.router.DefaultRouter]

Message: io.micronaut.inject.MethodExecutionHandle.getAnnotation(Ljava/lang/Class;)Ljava/lang/annotation/Annotation;
Path Taken: new NettyHttpServer(NettyHttpServerConfiguration serverConfiguration,ApplicationContext applicationContext,[Router router],RequestArgumentSatisfier requestArgumentSatisfier,MediaTypeCodecRegistry mediaTypeCodecRegistry,NettyCustomizableResponseTypeHandlerRegistry customizableResponseTypeHandlerRegistry,StaticResourceResolver resourceResolver,ExecutorService ioExecutor,ThreadFactory threadFactory,ExecutorSelector executorSelector,NettyServerSslBuilder nettyServerSslBuilder,ChannelOutboundHandler[] outboundHandlers) --> new DefaultRouter([RouteBuilder[] builders])
	at mavenspock.TestControllerSpec.$spock_initializeSharedFields(TestControllerSpec.groovy:14)
Caused by: java.lang.NoSuchMethodError: io.micronaut.inject.MethodExecutionHandle.getAnnotation(Ljava/lang/Class;)Ljava/lang/annotation/Annotation;
	at mavenspock.TestControllerSpec.$spock_initializeSharedFields(TestControllerSpec.groovy:14)
</error>
    <system-out><![CDATA[23:44:43.727 [main] INFO  i.m.context.env.DefaultEnvironment - Established active environments: [test]
]]></system-out>
  </testcase>
</testsuite>